Virtual User Script started at: 05.10.2022 18:43:24
Starting action vuser_init.
Web Turbo Replay of LoadRunner 2021.0.0 for Windows 10; build 430 (янв 05 2021 19:27:22)  	[MsgId: MMSG-26983]
Run mode: HTML  	[MsgId: MMSG-26993]
Replay user agent: Mozilla/5.0 (Windows NT 10.0; Win64; x64; rv:104.0) Gecko/20100101 Firefox/104.0  	[MsgId: MMSG-26988]
Runtime Settings file: "C:\Users\DIMA\Desktop\xset test\dimprofil\Скрипты\WebTours_ticket_search_without_payment\\default.cfg"  	[MsgId: MMSG-27141]
Ending action vuser_init.
Running Vuser...
Starting iteration 1.
Maximum number of concurrent connections per server: 6  	[MsgId: MMSG-26989]
Starting action Action.
Action.c(4): Notify: Transaction "UC_02_ticket_search_without_payment" started.
Action.c(6): Notify: Transaction "open_home_page" started.
Action.c(8): web_add_auto_header("Sec-Fetch-Dest") started  	[MsgId: MMSG-26355]
Action.c(8): web_add_auto_header("Sec-Fetch-Dest") was successful  	[MsgId: MMSG-26392]
Action.c(11): web_add_auto_header("Sec-Fetch-Site") started  	[MsgId: MMSG-26355]
Action.c(11): web_add_auto_header("Sec-Fetch-Site") was successful  	[MsgId: MMSG-26392]
Action.c(14): web_add_auto_header("Sec-Fetch-Mode") started  	[MsgId: MMSG-26355]
Action.c(14): web_add_auto_header("Sec-Fetch-Mode") was successful  	[MsgId: MMSG-26392]
Action.c(17): web_add_auto_header("DNT") started  	[MsgId: MMSG-26355]
Action.c(17): web_add_auto_header("DNT") was successful  	[MsgId: MMSG-26392]
Action.c(20): web_add_auto_header("Sec-Fetch-User") started  	[MsgId: MMSG-26355]
Action.c(20): web_add_auto_header("Sec-Fetch-User") was successful  	[MsgId: MMSG-26392]
Action.c(23): web_add_auto_header("Upgrade-Insecure-Requests") started  	[MsgId: MMSG-26355]
Action.c(23): web_add_auto_header("Upgrade-Insecure-Requests") was successful  	[MsgId: MMSG-26392]
Action.c(27): web_reg_save_param_attrib started  	[MsgId: MMSG-26355]
Action.c(27): Registering web_reg_save_param_attrib was successful  	[MsgId: MMSG-26390]
Action.c(39): web_reg_find started  	[MsgId: MMSG-26355]
Action.c(39): Registering web_reg_find was successful  	[MsgId: MMSG-26390]
Action.c(43): web_url("WebTours") started  	[MsgId: MMSG-26355]
Action.c(43): Redirecting "http://localhost:1080/WebTours" (redirection depth is 0)  	[MsgId: MMSG-26694]
Action.c(43): To location "http://localhost:1080/WebTours/"  	[MsgId: MMSG-26693]
Action.c(43): Detected non-resource "http://localhost:1080/WebTours/header.html" in "http://localhost:1080/WebTours/"  	[MsgId: MMSG-26574]
Action.c(43): Detected non-resource "http://localhost:1080/cgi-bin/welcome.pl?signOff=true" in "http://localhost:1080/WebTours/"  	[MsgId: MMSG-26574]
Action.c(43): Found resource "http://localhost:1080/WebTours/images/hp_logo.png" in HTML "http://localhost:1080/WebTours/header.html"  	[MsgId: MMSG-26659]
Action.c(43): Found resource "http://localhost:1080/WebTours/images/webtours.png" in HTML "http://localhost:1080/WebTours/header.html"  	[MsgId: MMSG-26659]
Action.c(43): Detected non-resource "http://localhost:1080/cgi-bin/nav.pl?in=home" in "http://localhost:1080/cgi-bin/welcome.pl?signOff=true"  	[MsgId: MMSG-26574]
Action.c(43): Detected non-resource "http://localhost:1080/WebTours/home.html" in "http://localhost:1080/cgi-bin/welcome.pl?signOff=true"  	[MsgId: MMSG-26574]
Action.c(43): Found resource "http://localhost:1080/WebTours/images/mer_login.gif" in HTML "http://localhost:1080/cgi-bin/nav.pl?in=home"  	[MsgId: MMSG-26659]
Action.c(43): Registered web_reg_find successful for "Text=Welcome to the Web Tours site" (count=1)  	[MsgId: MMSG-26364]
Action.c(43): web_url("WebTours") was successful, 10311 body bytes, 2637 header bytes, 24 chunking overhead bytes  	[MsgId: MMSG-26385]
Action.c(53): web_set_sockets_option started  	[MsgId: MMSG-26355]
Action.c(53): web_set_sockets_option was successful  	[MsgId: MMSG-26392]
Action.c(55): Notify: Transaction "open_home_page" ended with a "Pass" status (Duration: 0.3480 Wasted Time: 0.0889).
Action.c(60): Notify: Transaction "login" started.
Action.c(62): web_remove_auto_header("Sec-Fetch-User") started  	[MsgId: MMSG-26355]
Action.c(62): Previous automatically added web header for "Sec-Fetch-User" removed  	[MsgId: MMSG-26587]
Action.c(62): web_remove/revert_auto_header("Sec-Fetch-User") was successful  	[MsgId: MMSG-26392]
Action.c(64): web_add_auto_header("Sec-Fetch-Dest") started  	[MsgId: MMSG-26355]
Action.c(64): web_add_auto_header("Sec-Fetch-Dest") was successful  	[MsgId: MMSG-26392]
Action.c(67): web_remove_auto_header("Upgrade-Insecure-Requests") started  	[MsgId: MMSG-26355]
Action.c(67): Previous automatically added web header for "Upgrade-Insecure-Requests" removed  	[MsgId: MMSG-26587]
Action.c(67): web_remove/revert_auto_header("Upgrade-Insecure-Requests") was successful  	[MsgId: MMSG-26392]
Action.c(69): web_add_header("Origin") started  	[MsgId: MMSG-26355]
Action.c(69): web_add_header("Origin") was successful  	[MsgId: MMSG-26392]
Action.c(72): web_add_auto_header("Sec-Fetch-Site") started  	[MsgId: MMSG-26355]
Action.c(72): web_add_auto_header("Sec-Fetch-Site") was successful  	[MsgId: MMSG-26392]
Action.c(77): web_reg_find started  	[MsgId: MMSG-26355]
Action.c(77): Registering web_reg_find was successful  	[MsgId: MMSG-26390]
Action.c(80): web_submit_data("login.pl") started  	[MsgId: MMSG-26355]
Action.c(80): Detected non-resource "http://localhost:1080/cgi-bin/nav.pl?page=menu&in=home" in "http://localhost:1080/cgi-bin/login.pl"  	[MsgId: MMSG-26574]
Action.c(80): Detected non-resource "http://localhost:1080/cgi-bin/login.pl?intro=true" in "http://localhost:1080/cgi-bin/login.pl"  	[MsgId: MMSG-26574]
Action.c(80): Found resource "http://localhost:1080/WebTours/images/flights.gif" in HTML "http://localhost:1080/cgi-bin/nav.pl?page=menu&in=home"  	[MsgId: MMSG-26659]
Action.c(80): Found resource "http://localhost:1080/WebTours/images/itinerary.gif" in HTML "http://localhost:1080/cgi-bin/nav.pl?page=menu&in=home"  	[MsgId: MMSG-26659]
Action.c(80): Found resource "http://localhost:1080/WebTours/images/in_home.gif" in HTML "http://localhost:1080/cgi-bin/nav.pl?page=menu&in=home"  	[MsgId: MMSG-26659]
Action.c(80): Found resource "http://localhost:1080/WebTours/images/signoff.gif" in HTML "http://localhost:1080/cgi-bin/nav.pl?page=menu&in=home"  	[MsgId: MMSG-26659]
Action.c(80): Registered web_reg_find successful for "Text=User password was correct" (count=1)  	[MsgId: MMSG-26364]
Action.c(80): web_submit_data("login.pl") was successful, 5779 body bytes, 2031 header bytes, 36 chunking overhead bytes  	[MsgId: MMSG-26385]
Action.c(97): Notify: Transaction "login" ended with a "Pass" status (Duration: 0,2377 Wasted Time: 0,0064).
Action.c(99): Notify: Transaction "click_flights" started.
Action.c(101): web_add_auto_header("Sec-Fetch-User") started  	[MsgId: MMSG-26355]
Action.c(101): web_add_auto_header("Sec-Fetch-User") was successful  	[MsgId: MMSG-26392]
Action.c(104): web_add_auto_header("Upgrade-Insecure-Requests") started  	[MsgId: MMSG-26355]
Action.c(104): web_add_auto_header("Upgrade-Insecure-Requests") was successful  	[MsgId: MMSG-26392]
Action.c(109): web_reg_find started  	[MsgId: MMSG-26355]
Action.c(109): Registering web_reg_find was successful  	[MsgId: MMSG-26390]
Action.c(113): web_url("Search Flights Button") started  	[MsgId: MMSG-26355]
Action.c(113): Detected non-resource "http://localhost:1080/cgi-bin/nav.pl?page=menu&in=flights" in "http://localhost:1080/cgi-bin/welcome.pl?page=search"  	[MsgId: MMSG-26574]
Action.c(113): Detected non-resource "http://localhost:1080/cgi-bin/reservations.pl?page=welcome" in "http://localhost:1080/cgi-bin/welcome.pl?page=search"  	[MsgId: MMSG-26574]
Action.c(113): Found resource "http://localhost:1080/WebTours/images/in_flights.gif" in HTML "http://localhost:1080/cgi-bin/nav.pl?page=menu&in=flights"  	[MsgId: MMSG-26659]
Action.c(113): Resource "http://localhost:1080/WebTours/images/itinerary.gif" is in the cache already and will not be downloaded again  	[MsgId: MMSG-26655]
Action.c(113): Found resource "http://localhost:1080/WebTours/images/home.gif" in HTML "http://localhost:1080/cgi-bin/nav.pl?page=menu&in=flights"  	[MsgId: MMSG-26659]
Action.c(113): Resource "http://localhost:1080/WebTours/images/signoff.gif" is in the cache already and will not be downloaded again  	[MsgId: MMSG-26655]
Action.c(113): Found resource "http://localhost:1080/WebTours/images/button_next.gif" in HTML "http://localhost:1080/cgi-bin/reservations.pl?page=welcome"  	[MsgId: MMSG-26659]
Action.c(113): Registered web_reg_find successful for "Text=Departure City" (count=1)  	[MsgId: MMSG-26364]
Action.c(113): web_url("Search Flights Button") was successful, 8516 body bytes, 1616 header bytes, 43 chunking overhead bytes  	[MsgId: MMSG-26385]
Action.c(123): Notify: Transaction "click_flights" ended with a "Pass" status (Duration: 0,2059 Wasted Time: 0,0058).
Action.c(125): Notify: Transaction "search_flights" started.
Action.c(127): web_add_auto_header("Origin") started  	[MsgId: MMSG-26355]
Action.c(127): web_add_auto_header("Origin") was successful  	[MsgId: MMSG-26392]
Action.c(132): web_reg_find started  	[MsgId: MMSG-26355]
Action.c(132): Registering web_reg_find was successful  	[MsgId: MMSG-26390]
Action.c(138): web_reg_save_param started  	[MsgId: MMSG-26355]
Action.c(138): Registering web_reg_save_param was successful  	[MsgId: MMSG-26390]
Action.c(144): web_submit_data("reservations.pl") started  	[MsgId: MMSG-26355]
Action.c(144): Resource "http://localhost:1080/WebTours/images/button_next.gif" is in the cache already and will not be downloaded again  	[MsgId: MMSG-26655]
Action.c(144): Registered web_reg_find successful for "Text=Flight departing" (count=1)  	[MsgId: MMSG-26364]
Action.c(144): web_submit_data("reservations.pl") was successful, 2440 body bytes, 255 header bytes, 12 chunking overhead bytes  	[MsgId: MMSG-26385]
Action.c(168): Notify: Transaction "search_flights" ended with a "Pass" status (Duration: 0,1399 Wasted Time: 0,0044).
Action.c(173): Notify: Transaction "choose_flight" started.
Action.c(175): web_reg_find started  	[MsgId: MMSG-26355]
Action.c(175): Registering web_reg_find was successful  	[MsgId: MMSG-26390]
Action.c(179): web_submit_data("reservations.pl_2") started  	[MsgId: MMSG-26355]
Action.c(179): Resource "http://localhost:1080/WebTours/images/button_next.gif" is in the cache already and will not be downloaded again  	[MsgId: MMSG-26655]
Action.c(179): Registered web_reg_find successful for "Text=Credit Card" (count=2)  	[MsgId: MMSG-26364]
Action.c(179): web_submit_data("reservations.pl_2") was successful, 2698 body bytes, 255 header bytes, 12 chunking overhead bytes  	[MsgId: MMSG-26385]
Action.c(197): Notify: Transaction "choose_flight" ended with a "Pass" status (Duration: 0,0938 Wasted Time: 0,0046).
Action.c(199): Notify: Transaction "Logout" started.
Action.c(201): web_add_header("Sec-Fetch-User") started  	[MsgId: MMSG-26355]
Action.c(201): web_add_header("Sec-Fetch-User") was successful  	[MsgId: MMSG-26392]
Action.c(204): web_add_header("Upgrade-Insecure-Requests") started  	[MsgId: MMSG-26355]
Action.c(204): web_add_header("Upgrade-Insecure-Requests") was successful  	[MsgId: MMSG-26392]
Action.c(209): web_reg_find started  	[MsgId: MMSG-26355]
Action.c(209): Registering web_reg_find was successful  	[MsgId: MMSG-26390]
Action.c(213): web_url("SignOff Button") started  	[MsgId: MMSG-26355]
Action.c(213): Detected non-resource "http://localhost:1080/cgi-bin/nav.pl?in=home" in "http://localhost:1080/cgi-bin/welcome.pl?signOff=1"  	[MsgId: MMSG-26574]
Action.c(213): Detected non-resource "http://localhost:1080/WebTours/home.html" in "http://localhost:1080/cgi-bin/welcome.pl?signOff=1"  	[MsgId: MMSG-26574]
Action.c(213): Retrieving data from cache for "http://localhost:1080/WebTours/home.html"  	[MsgId: MMSG-26558]
Action.c(213): Resource "http://localhost:1080/WebTours/images/mer_login.gif" is in the cache already and will not be downloaded again  	[MsgId: MMSG-26655]
Action.c(213): Registered web_reg_find successful for "Text=Welcome to the Web" (count=1)  	[MsgId: MMSG-26364]
Action.c(213): web_url("SignOff Button") was successful, 2176 body bytes, 582 header bytes, 24 chunking overhead bytes  	[MsgId: MMSG-26385]
Action.c(223): Notify: Transaction "Logout" ended with a "Pass" status (Duration: 0,1739 Wasted Time: 0,0046).
Action.c(225): Notify: Transaction "UC_02_ticket_search_without_payment" ended with a "Pass" status (Duration: 1,3267 Wasted Time: 0,1149).
Ending action Action.
Ending iteration 1.
Ending Vuser...
Starting action vuser_end.
Ending action vuser_end.
Vuser Terminated.
