Virtual User Script started at: 05.10.2022 17:34:37
Starting action vuser_init.
Web Turbo Replay of LoadRunner 2021.0.0 for Windows 10; build 430 (янв 05 2021 19:27:22)  	[MsgId: MMSG-26983]
Run mode: HTML  	[MsgId: MMSG-26993]
Replay user agent: Mozilla/5.0 (Windows NT 10.0; Win64; x64; rv:104.0) Gecko/20100101 Firefox/104.0  	[MsgId: MMSG-26988]
Runtime Settings file: "C:\Users\DIMA\Desktop\xset test\dimprofil\Скрипты\WebTours_deleting_ticket\\default.cfg"  	[MsgId: MMSG-27141]
Ending action vuser_init.
Running Vuser...
Starting iteration 1.
Maximum number of concurrent connections per server: 6  	[MsgId: MMSG-26989]
Starting action Action.
Action.c(3): Notify: Transaction "webtours_delete_ticket" started.
Action.c(5): Notify: Transaction "open_home_page" started.
Action.c(8): web_add_auto_header("Sec-Fetch-Dest") started  	[MsgId: MMSG-26355]
Action.c(8): web_add_auto_header("Sec-Fetch-Dest") was successful  	[MsgId: MMSG-26392]
Action.c(11): web_add_auto_header("Sec-Fetch-Site") started  	[MsgId: MMSG-26355]
Action.c(11): web_add_auto_header("Sec-Fetch-Site") was successful  	[MsgId: MMSG-26392]
Action.c(14): web_add_auto_header("Sec-Fetch-Mode") started  	[MsgId: MMSG-26355]
Action.c(14): web_add_auto_header("Sec-Fetch-Mode") was successful  	[MsgId: MMSG-26392]
Action.c(17): web_add_auto_header("DNT") started  	[MsgId: MMSG-26355]
Action.c(17): web_add_auto_header("DNT") was successful  	[MsgId: MMSG-26392]
Action.c(20): web_add_auto_header("Sec-Fetch-User") started  	[MsgId: MMSG-26355]
Action.c(20): web_add_auto_header("Sec-Fetch-User") was successful  	[MsgId: MMSG-26392]
Action.c(23): web_add_auto_header("Upgrade-Insecure-Requests") started  	[MsgId: MMSG-26355]
Action.c(23): web_add_auto_header("Upgrade-Insecure-Requests") was successful  	[MsgId: MMSG-26392]
Action.c(27): web_reg_save_param_attrib started  	[MsgId: MMSG-26355]
Action.c(27): Registering web_reg_save_param_attrib was successful  	[MsgId: MMSG-26390]
Action.c(38): web_reg_find started  	[MsgId: MMSG-26355]
Action.c(38): Registering web_reg_find was successful  	[MsgId: MMSG-26390]
Action.c(42): web_url("WebTours") started  	[MsgId: MMSG-26355]
Action.c(42): Redirecting "http://localhost:1080/WebTours" (redirection depth is 0)  	[MsgId: MMSG-26694]
Action.c(42): To location "http://localhost:1080/WebTours/"  	[MsgId: MMSG-26693]
Action.c(42): Detected non-resource "http://localhost:1080/WebTours/header.html" in "http://localhost:1080/WebTours/"  	[MsgId: MMSG-26574]
Action.c(42): Detected non-resource "http://localhost:1080/cgi-bin/welcome.pl?signOff=true" in "http://localhost:1080/WebTours/"  	[MsgId: MMSG-26574]
Action.c(42): Found resource "http://localhost:1080/WebTours/images/hp_logo.png" in HTML "http://localhost:1080/WebTours/header.html"  	[MsgId: MMSG-26659]
Action.c(42): Found resource "http://localhost:1080/WebTours/images/webtours.png" in HTML "http://localhost:1080/WebTours/header.html"  	[MsgId: MMSG-26659]
Action.c(42): Detected non-resource "http://localhost:1080/cgi-bin/nav.pl?in=home" in "http://localhost:1080/cgi-bin/welcome.pl?signOff=true"  	[MsgId: MMSG-26574]
Action.c(42): Detected non-resource "http://localhost:1080/WebTours/home.html" in "http://localhost:1080/cgi-bin/welcome.pl?signOff=true"  	[MsgId: MMSG-26574]
Action.c(42): Found resource "http://localhost:1080/WebTours/images/mer_login.gif" in HTML "http://localhost:1080/cgi-bin/nav.pl?in=home"  	[MsgId: MMSG-26659]
Action.c(42): Registered web_reg_find successful for "Text=Welcome to the Web Tours site" (count=1)  	[MsgId: MMSG-26364]
Action.c(42): web_url("WebTours") was successful, 10318 body bytes, 2637 header bytes, 24 chunking overhead bytes  	[MsgId: MMSG-26385]
Action.c(52): web_set_sockets_option started  	[MsgId: MMSG-26355]
Action.c(52): web_set_sockets_option was successful  	[MsgId: MMSG-26392]
Action.c(54): Notify: Transaction "open_home_page" ended with a "Pass" status (Duration: 0.3469 Wasted Time: 0.0851).
Action.c(59): Notify: Transaction "Login" started.
Action.c(61): web_remove_auto_header("Sec-Fetch-User") started  	[MsgId: MMSG-26355]
Action.c(61): Previous automatically added web header for "Sec-Fetch-User" removed  	[MsgId: MMSG-26587]
Action.c(61): web_remove/revert_auto_header("Sec-Fetch-User") was successful  	[MsgId: MMSG-26392]
Action.c(63): web_add_auto_header("Sec-Fetch-Dest") started  	[MsgId: MMSG-26355]
Action.c(63): web_add_auto_header("Sec-Fetch-Dest") was successful  	[MsgId: MMSG-26392]
Action.c(66): web_remove_auto_header("Upgrade-Insecure-Requests") started  	[MsgId: MMSG-26355]
Action.c(66): Previous automatically added web header for "Upgrade-Insecure-Requests" removed  	[MsgId: MMSG-26587]
Action.c(66): web_remove/revert_auto_header("Upgrade-Insecure-Requests") was successful  	[MsgId: MMSG-26392]
Action.c(68): web_add_header("Origin") started  	[MsgId: MMSG-26355]
Action.c(68): web_add_header("Origin") was successful  	[MsgId: MMSG-26392]
Action.c(71): web_add_auto_header("Sec-Fetch-Site") started  	[MsgId: MMSG-26355]
Action.c(71): web_add_auto_header("Sec-Fetch-Site") was successful  	[MsgId: MMSG-26392]
Action.c(76): web_reg_find started  	[MsgId: MMSG-26355]
Action.c(76): Registering web_reg_find was successful  	[MsgId: MMSG-26390]
Action.c(80): web_submit_data("login.pl") started  	[MsgId: MMSG-26355]
Action.c(80): Detected non-resource "http://localhost:1080/cgi-bin/nav.pl?page=menu&in=home" in "http://localhost:1080/cgi-bin/login.pl"  	[MsgId: MMSG-26574]
Action.c(80): Detected non-resource "http://localhost:1080/cgi-bin/login.pl?intro=true" in "http://localhost:1080/cgi-bin/login.pl"  	[MsgId: MMSG-26574]
Action.c(80): Found resource "http://localhost:1080/WebTours/images/flights.gif" in HTML "http://localhost:1080/cgi-bin/nav.pl?page=menu&in=home"  	[MsgId: MMSG-26659]
Action.c(80): Found resource "http://localhost:1080/WebTours/images/itinerary.gif" in HTML "http://localhost:1080/cgi-bin/nav.pl?page=menu&in=home"  	[MsgId: MMSG-26659]
Action.c(80): Found resource "http://localhost:1080/WebTours/images/in_home.gif" in HTML "http://localhost:1080/cgi-bin/nav.pl?page=menu&in=home"  	[MsgId: MMSG-26659]
Action.c(80): Found resource "http://localhost:1080/WebTours/images/signoff.gif" in HTML "http://localhost:1080/cgi-bin/nav.pl?page=menu&in=home"  	[MsgId: MMSG-26659]
Action.c(80): Registered web_reg_find successful for "Text=User password was correct" (count=1)  	[MsgId: MMSG-26364]
Action.c(80): web_submit_data("login.pl") was successful, 5779 body bytes, 2031 header bytes, 36 chunking overhead bytes  	[MsgId: MMSG-26385]
Action.c(97): Notify: Transaction "Login" ended with a "Pass" status (Duration: 0,2379 Wasted Time: 0,0065).
Action.c(101): Notify: Transaction "openitinerary" started.
Action.c(103): web_add_auto_header("Sec-Fetch-User") started  	[MsgId: MMSG-26355]
Action.c(103): web_add_auto_header("Sec-Fetch-User") was successful  	[MsgId: MMSG-26392]
Action.c(106): web_add_auto_header("Upgrade-Insecure-Requests") started  	[MsgId: MMSG-26355]
Action.c(106): web_add_auto_header("Upgrade-Insecure-Requests") was successful  	[MsgId: MMSG-26392]
Action.c(109): web_reg_find started  	[MsgId: MMSG-26355]
Action.c(109): Registering web_reg_find was successful  	[MsgId: MMSG-26390]
Action.c(113): web_reg_save_param_attrib started  	[MsgId: MMSG-26355]
Action.c(113): Registering web_reg_save_param_attrib was successful  	[MsgId: MMSG-26390]
Action.c(121): web_url("Itinerary Button") started  	[MsgId: MMSG-26355]
Action.c(121): Detected non-resource "http://localhost:1080/cgi-bin/nav.pl?page=menu&in=itinerary" in "http://localhost:1080/cgi-bin/welcome.pl?page=itinerary"  	[MsgId: MMSG-26574]
Action.c(121): Detected non-resource "http://localhost:1080/cgi-bin/itinerary.pl" in "http://localhost:1080/cgi-bin/welcome.pl?page=itinerary"  	[MsgId: MMSG-26574]
Action.c(121): Resource "http://localhost:1080/WebTours/images/flights.gif" is in the cache already and will not be downloaded again  	[MsgId: MMSG-26655]
Action.c(121): Found resource "http://localhost:1080/WebTours/images/in_itinerary.gif" in HTML "http://localhost:1080/cgi-bin/nav.pl?page=menu&in=itinerary"  	[MsgId: MMSG-26659]
Action.c(121): Found resource "http://localhost:1080/WebTours/images/home.gif" in HTML "http://localhost:1080/cgi-bin/nav.pl?page=menu&in=itinerary"  	[MsgId: MMSG-26659]
Action.c(121): Resource "http://localhost:1080/WebTours/images/signoff.gif" is in the cache already and will not be downloaded again  	[MsgId: MMSG-26655]
Action.c(121): Found resource "http://localhost:1080/WebTours/images/cancelreservation.gif" in HTML "http://localhost:1080/cgi-bin/itinerary.pl"  	[MsgId: MMSG-26659]
Action.c(121): Found resource "http://localhost:1080/WebTours/images/cancelallreservations.gif" in HTML "http://localhost:1080/cgi-bin/itinerary.pl"  	[MsgId: MMSG-26659]
Action.c(121): Registered web_reg_find successful for "Text=Transaction Summary" (count=1)  	[MsgId: MMSG-26364]
Action.c(121): web_url("Itinerary Button") was successful, 7686 body bytes, 1913 header bytes, 36 chunking overhead bytes  	[MsgId: MMSG-26385]
Action.c(131): Notify: Transaction "openitinerary" ended with a "Pass" status (Duration: 0,2240 Wasted Time: 0,0080).
Action.c(135): Notify: Transaction "deleteflight" started.
Action.c(141): web_add_header("Origin") started  	[MsgId: MMSG-26355]
Action.c(141): web_add_header("Origin") was successful  	[MsgId: MMSG-26392]
Action.c(144): web_submit_form("itinerary.pl") started  	[MsgId: MMSG-26355]
Action.c(144): Submitting form to "http://localhost:1080/cgi-bin/itinerary.pl", Target Frame=""  	[MsgId: MMSG-27978]
Action.c(144): web_submit_form("itinerary.pl") was successful, 887 body bytes, 255 header bytes, 12 chunking overhead bytes  	[MsgId: MMSG-26385]
Action.c(152): Notify: Transaction "deleteflight" ended with a "Pass" status (Duration: 0,0949 Wasted Time: 0,0043).
Action.c(154): Notify: Transaction "Logout" started.
Action.c(156): web_add_header("Sec-Fetch-User") started  	[MsgId: MMSG-26355]
Action.c(156): web_add_header("Sec-Fetch-User") was successful  	[MsgId: MMSG-26392]
Action.c(159): web_add_header("Upgrade-Insecure-Requests") started  	[MsgId: MMSG-26355]
Action.c(159): web_add_header("Upgrade-Insecure-Requests") was successful  	[MsgId: MMSG-26392]
Action.c(164): web_reg_find started  	[MsgId: MMSG-26355]
Action.c(164): Registering web_reg_find was successful  	[MsgId: MMSG-26390]
Action.c(168): web_url("SignOff Button") started  	[MsgId: MMSG-26355]
Action.c(168): Detected non-resource "http://localhost:1080/cgi-bin/nav.pl?in=home" in "http://localhost:1080/cgi-bin/welcome.pl?signOff=1"  	[MsgId: MMSG-26574]
Action.c(168): Detected non-resource "http://localhost:1080/WebTours/home.html" in "http://localhost:1080/cgi-bin/welcome.pl?signOff=1"  	[MsgId: MMSG-26574]
Action.c(168): Retrieving data from cache for "http://localhost:1080/WebTours/home.html"  	[MsgId: MMSG-26558]
Action.c(168): Resource "http://localhost:1080/WebTours/images/mer_login.gif" is in the cache already and will not be downloaded again  	[MsgId: MMSG-26655]
Action.c(168): Registered web_reg_find successful for "Text=Welcome to the Web" (count=1)  	[MsgId: MMSG-26364]
Action.c(168): web_url("SignOff Button") was successful, 2172 body bytes, 582 header bytes, 24 chunking overhead bytes  	[MsgId: MMSG-26385]
Action.c(178): Notify: Transaction "Logout" ended with a "Pass" status (Duration: 0,1720 Wasted Time: 0,0038).
Action.c(180): Notify: Transaction "webtours_delete_ticket" ended with a "Pass" status (Duration: 1,2026 Wasted Time: 0,1077).
Ending action Action.
Ending iteration 1.
Ending Vuser...
Starting action vuser_end.
Ending action vuser_end.
Vuser Terminated.
