Warning: Failed to post to 'http://127.0.0.1:8182/shunra/api/emulation/packetCaptureOnly', retcode=7.
Warning: Failed to start NV emulation. Perhaps the NV server is not working, and therefore a NV report will not be generated.
Virtual User Script started at: 11.09.2022 17:02:21
Starting action vuser_init.
Web Turbo Replay of LoadRunner 2021.0.0 for Windows 10; build 430 (янв 05 2021 19:27:22)  	[MsgId: MMSG-26983]
Run mode: HTML  	[MsgId: MMSG-26993]
Replay user agent: Mozilla/5.0 (Windows NT 10.0; WOW64; Trident/7.0; rv:11.0) like Gecko  	[MsgId: MMSG-26988]
Runtime Settings file: "E:\Micro Focus\Profile\Documents\VuGen\dimprofil\dimprofil-main\Скрипты\WebTours_reg_user\\default.cfg"  	[MsgId: MMSG-27141]
Warning: Failed to get NV emulation handle.
Ending action vuser_init.
Running Vuser...
Starting iteration 1.
Maximum number of concurrent connections per server: 6  	[MsgId: MMSG-26989]
Starting action Action.
Warning: Failed to get NV emulation handle.
Action.c(3): Notify: Transaction "open_home_page" started.
Action.c(3): Warning: Failed to get NV emulation handle.
Action.c(5): web_reg_find started  	[MsgId: MMSG-26355]
Action.c(5): Registering web_reg_find was successful  	[MsgId: MMSG-26390]
Action.c(9): web_url("WebTours") started  	[MsgId: MMSG-26355]
Action.c(9): Detected non-resource "http://localhost:1080/WebTours/header.html" in "http://localhost:1080/WebTours/"  	[MsgId: MMSG-26574]
Action.c(9): Detected non-resource "http://localhost:1080/cgi-bin/welcome.pl?signOff=true" in "http://localhost:1080/WebTours/"  	[MsgId: MMSG-26574]
Action.c(9): Found resource "http://localhost:1080/WebTours/images/hp_logo.png" in HTML "http://localhost:1080/WebTours/header.html"  	[MsgId: MMSG-26659]
Action.c(9): Found resource "http://localhost:1080/WebTours/images/webtours.png" in HTML "http://localhost:1080/WebTours/header.html"  	[MsgId: MMSG-26659]
Action.c(9): Detected non-resource "http://localhost:1080/cgi-bin/nav.pl?in=home" in "http://localhost:1080/cgi-bin/welcome.pl?signOff=true"  	[MsgId: MMSG-26574]
Action.c(9): Detected non-resource "http://localhost:1080/WebTours/home.html" in "http://localhost:1080/cgi-bin/welcome.pl?signOff=true"  	[MsgId: MMSG-26574]
Action.c(9): Found resource "http://localhost:1080/WebTours/images/mer_login.gif" in HTML "http://localhost:1080/cgi-bin/nav.pl?in=home"  	[MsgId: MMSG-26659]
Action.c(9): Registered web_reg_find successful for "Text=Welcome to the Web Tours site" (count=1)  	[MsgId: MMSG-26364]
Action.c(9): web_url("WebTours") was successful, 10076 body bytes, 2371 header bytes, 24 chunking overhead bytes  	[MsgId: MMSG-26385]
Action.c(19): Notify: Transaction "open_home_page" ended with a "Pass" status (Duration: 0,2516 Wasted Time: 0,0849).
Action.c(21): web_set_sockets_option started  	[MsgId: MMSG-26355]
Action.c(21): web_set_sockets_option was successful  	[MsgId: MMSG-26392]
Action.c(23): Notify: Transaction "reg_user" started.
Action.c(23): Warning: Failed to get NV emulation handle.
Action.c(25): web_reg_find started  	[MsgId: MMSG-26355]
Action.c(25): Registering web_reg_find was successful  	[MsgId: MMSG-26390]
Action.c(29): web_url("sign up now") started  	[MsgId: MMSG-26355]
Action.c(29): Found resource "http://localhost:1080/WebTours/profileValidate.js" in HTML "http://localhost:1080/cgi-bin/login.pl?username=&password=&getInfo=true"  	[MsgId: MMSG-26659]
Action.c(29): Found resource "http://localhost:1080/WebTours/images/button_next.gif" in HTML "http://localhost:1080/cgi-bin/login.pl?username=&password=&getInfo=true"  	[MsgId: MMSG-26659]
Action.c(29): Registered web_reg_find successful for "Text=First time registering" (count=1)  	[MsgId: MMSG-26364]
Action.c(29): web_url("sign up now") was successful, 14475 body bytes, 838 header bytes, 12 chunking overhead bytes  	[MsgId: MMSG-26385]
Action.c(39): Notify: Transaction "reg_user" ended with a "Pass" status (Duration: 0.1108 Wasted Time: 0.0052).
Action.c(43): Notify: Transaction "user_data" started.
Action.c(43): Warning: Failed to get NV emulation handle.
Action.c(45): web_reg_find started  	[MsgId: MMSG-26355]
Action.c(45): Registering web_reg_find was successful  	[MsgId: MMSG-26390]
Action.c(49): web_submit_data("login.pl") started  	[MsgId: MMSG-26355]
Action.c(49): Resource "http://localhost:1080/WebTours/images/button_next.gif" is in the cache already and will not be downloaded again  	[MsgId: MMSG-26655]
Action.c(49): Registered web_reg_find successful for "Text=If you have any questions" (count=1)  	[MsgId: MMSG-26364]
Action.c(49): web_submit_data("login.pl") was successful, 1077 body bytes, 358 header bytes, 12 chunking overhead bytes  	[MsgId: MMSG-26385]
Action.c(69): Notify: Transaction "user_data" ended with a "Pass" status (Duration: 0,0948 Wasted Time: 0,0050).
Action.c(73): Notify: Transaction "reg_finish" started.
Action.c(73): Warning: Failed to get NV emulation handle.
Action.c(75): web_reg_find started  	[MsgId: MMSG-26355]
Action.c(75): Registering web_reg_find was successful  	[MsgId: MMSG-26390]
Action.c(79): web_url("button_next.gif") started  	[MsgId: MMSG-26355]
Action.c(79): Detected non-resource "http://localhost:1080/cgi-bin/nav.pl?page=menu&in=home" in "http://localhost:1080/cgi-bin/welcome.pl?page=menus"  	[MsgId: MMSG-26574]
Action.c(79): Detected non-resource "http://localhost:1080/cgi-bin/login.pl?intro=true" in "http://localhost:1080/cgi-bin/welcome.pl?page=menus"  	[MsgId: MMSG-26574]
Action.c(79): Found resource "http://localhost:1080/WebTours/images/flights.gif" in HTML "http://localhost:1080/cgi-bin/nav.pl?page=menu&in=home"  	[MsgId: MMSG-26659]
Action.c(79): Found resource "http://localhost:1080/WebTours/images/itinerary.gif" in HTML "http://localhost:1080/cgi-bin/nav.pl?page=menu&in=home"  	[MsgId: MMSG-26659]
Action.c(79): Found resource "http://localhost:1080/WebTours/images/in_home.gif" in HTML "http://localhost:1080/cgi-bin/nav.pl?page=menu&in=home"  	[MsgId: MMSG-26659]
Action.c(79): Found resource "http://localhost:1080/WebTours/images/signoff.gif" in HTML "http://localhost:1080/cgi-bin/nav.pl?page=menu&in=home"  	[MsgId: MMSG-26659]
Action.c(79): Registered web_reg_find successful for "Text=Web Tours reservation pages" (count=1)  	[MsgId: MMSG-26364]
Action.c(79): web_url("button_next.gif") was successful, 5894 body bytes, 1888 header bytes, 36 chunking overhead bytes  	[MsgId: MMSG-26385]
Action.c(89): Notify: Transaction "reg_finish" ended with a "Pass" status (Duration: 0,1579 Wasted Time: 0,0064).
Action.c(93): Notify: Transaction "sign_off" started.
Action.c(93): Warning: Failed to get NV emulation handle.
Action.c(95): web_reg_find started  	[MsgId: MMSG-26355]
Action.c(95): Registering web_reg_find was successful  	[MsgId: MMSG-26390]
Action.c(99): web_url("SignOff Button") started  	[MsgId: MMSG-26355]
Action.c(99): Detected non-resource "http://localhost:1080/cgi-bin/nav.pl?in=home" in "http://localhost:1080/cgi-bin/welcome.pl?signOff=1"  	[MsgId: MMSG-26574]
Action.c(99): Detected non-resource "http://localhost:1080/WebTours/home.html" in "http://localhost:1080/cgi-bin/welcome.pl?signOff=1"  	[MsgId: MMSG-26574]
Action.c(99): Retrieving data from cache for "http://localhost:1080/WebTours/home.html"  	[MsgId: MMSG-26558]
Action.c(99): Resource "http://localhost:1080/WebTours/images/mer_login.gif" is in the cache already and will not be downloaded again  	[MsgId: MMSG-26655]
Action.c(99): Registered web_reg_find successful for "Text=Welcome to the Web" (count=1)  	[MsgId: MMSG-26364]
Action.c(99): web_url("SignOff Button") was successful, 2172 body bytes, 582 header bytes, 24 chunking overhead bytes  	[MsgId: MMSG-26385]
Action.c(109): Notify: Transaction "sign_off" ended with a "Pass" status (Duration: 0.1409 Wasted Time: 0.0049).
Ending action Action.
Ending iteration 1.
Ending Vuser...
Starting action vuser_end.
Warning: Failed to get NV emulation handle.
Ending action vuser_end.
Vuser Terminated.
